<?xml version="1.0" encoding="UTF-8"?>
<!-- Generated by org.testng.reporters.JUnitReportReporter -->
<testsuite hostname="LAPTOP-82M7P85N" failures="0" tests="1" name="testNG.SauceDemo" time="5.363" errors="0" timestamp="2024-01-07T08:33:22 CET" skipped="0">
  <testcase classname="testNG.SauceDemo" name="standardUser" time="5.363"/>
</testsuite> <!-- testNG.SauceDemo -->
