<?xml version="1.0" encoding="UTF-8"?>
<!-- Generated by org.testng.reporters.JUnitReportReporter -->
<testsuite hostname="LAPTOP-82M7P85N" failures="0" tests="3" name="testNG.SkippingTests" time="0.009" errors="0" timestamp="2024-02-03T10:12:02 CET" skipped="3">
  <testcase classname="testNG.SkippingTests" name="skipped2" time="0.009">
    <skipped/>
  </testcase> <!-- skipped2 -->
  <testcase classname="testNG.SkippingTests" name="skipped">
    <skipped/>
  </testcase> <!-- skipped -->
  <testcase classname="testNG.SkippingTests" name="skipped3">
    <skipped/>
  </testcase> <!-- skipped3 -->
</testsuite> <!-- testNG.SkippingTests -->
