<?xml version="1.0" encoding="UTF-8"?>
<!-- Generated by org.testng.reporters.JUnitReportReporter -->
<testsuite hostname="LAPTOP-82M7P85N" failures="0" tests="4" name="testNG.LoginTest" time="0.012" errors="0" timestamp="2024-01-21T10:18:30 CET" skipped="0">
  <testcase classname="testNG.LoginTest" name="logouttest" time="0.003"/>
  <testcase classname="testNG.LoginTest" name="logintest" time="0.002"/>
  <testcase classname="testNG.LoginTest" name="ahmed" time="0.003"/>
  <testcase classname="testNG.LoginTest" name="ahmed2" time="0.004"/>
</testsuite> <!-- testNG.LoginTest -->
