<?xml version="1.0" encoding="UTF-8"?>
<!-- Generated by org.testng.reporters.JUnitReportReporter -->
<testsuite hostname="LAPTOP-82M7P85N" failures="0" tests="1" name="testNG.SauceDemo2" time="137.255" errors="0" timestamp="2024-01-06T15:05:24 CET" skipped="0">
  <testcase classname="testNG.SauceDemo2" name="login" time="137.255"/>
</testsuite> <!-- testNG.SauceDemo2 -->
