<?xml version="1.0" encoding="UTF-8"?>
<!-- Generated by org.testng.reporters.JUnitReportReporter -->
<testsuite hostname="LAPTOP-82M7P85N" failures="0" tests="2" name="testNG.SauceDemoLogin" time="13.107" errors="0" timestamp="2024-01-07T13:27:34 CET" skipped="0">
  <testcase classname="testNG.SauceDemoLogin" name="standardUserLogin" time="7.587"/>
  <testcase classname="testNG.SauceDemoLogin" name="problemUserLogin" time="5.520"/>
</testsuite> <!-- testNG.SauceDemoLogin -->
