<?xml version="1.0" encoding="UTF-8"?>
<!-- Generated by org.testng.reporters.JUnitReportReporter -->
<testsuite hostname="LAPTOP-82M7P85N" failures="0" tests="1" name="cucumberOptions.TestNGRunner" time="11.932" errors="0" timestamp="2024-02-08T19:13:32 CET" skipped="0">
  <testcase classname="cucumberOptions.TestNGRunner" name="runScenario" time="11.932"/>
</testsuite> <!-- cucumberOptions.TestNGRunner -->
